This file contains any messages produced by compilers while
running configure, to aid debugging if configure makes a mistake.

It was created by PyJuggler configure 2.1, which was
generated by GNU Autoconf 2.69.  Invocation command line was

  $ ./configure 

## --------- ##
## Platform. ##
## --------- ##

hostname = eac-lin-66311
uname -m = x86_64
uname -r = 4.1.4-100.fc21.x86_64
uname -s = Linux
uname -v = #1 SMP Tue Aug 4 03:25:05 UTC 2015

/usr/bin/uname -p = x86_64
/bin/uname -X     = unknown

/bin/arch              = x86_64
/usr/bin/arch -k       = unknown
/usr/convex/getsysinfo = unknown
/usr/bin/hostinfo      = unknown
/bin/machine           = unknown
/usr/bin/oslevel       = unknown
/bin/universe          = unknown

PATH: /usr/lib64/qt-3.3/bin
PATH: /usr/local/bin
PATH: /usr/local/sbin
PATH: /usr/bin
PATH: /usr/sbin
PATH: /bin
PATH: /sbin


## ----------- ##
## Core tests. ##
## ----------- ##

configure:2802: checking build system type
configure:2816: result: x86_64-unknown-linux-gnu
configure:2836: checking host system type
configure:2849: result: x86_64-unknown-linux-gnu
configure:2869: checking target system type
configure:2882: result: x86_64-unknown-linux-gnu
configure:3314: checking for gcc
configure:3330: found /usr/bin/gcc
configure:3341: result: gcc
configure:3570: checking for C compiler version
configure:3579: gcc --version >&5
gcc (GCC) 4.9.2 20150212 (Red Hat 4.9.2-6)
Copyright (C) 2014 Free Software Foundation, Inc.
This is free software; see the source for copying conditions.  There is NO
warranty; not even for MERCHANTABILITY or FITNESS FOR A PARTICULAR PURPOSE.

configure:3590: $? = 0
configure:3579: gcc -v >&5
Using built-in specs.
COLLECT_GCC=gcc
COLLECT_LTO_WRAPPER=/usr/libexec/gcc/x86_64-redhat-linux/4.9.2/lto-wrapper
Target: x86_64-redhat-linux
Configured with: ../configure --prefix=/usr --mandir=/usr/share/man --infodir=/usr/share/info --with-bugurl=http://bugzilla.redhat.com/bugzilla --enable-bootstrap --enable-shared --enable-threads=posix --enable-checking=release --enable-multilib --with-system-zlib --enable-__cxa_atexit --disable-libunwind-exceptions --enable-gnu-unique-object --enable-linker-build-id --with-linker-hash-style=gnu --enable-languages=c,c++,objc,obj-c++,fortran,ada,go,lto --enable-plugin --enable-initfini-array --disable-libgcj --with-isl=/builddir/build/BUILD/gcc-4.9.2-20150212/obj-x86_64-redhat-linux/isl-install --with-cloog=/builddir/build/BUILD/gcc-4.9.2-20150212/obj-x86_64-redhat-linux/cloog-install --enable-gnu-indirect-function --with-tune=generic --with-arch_32=i686 --build=x86_64-redhat-linux
Thread model: posix
gcc version 4.9.2 20150212 (Red Hat 4.9.2-6) (GCC) 
configure:3590: $? = 0
configure:3579: gcc -V >&5
gcc: error: unrecognized command line option '-V'
gcc: fatal error: no input files
compilation terminated.
configure:3590: $? = 4
configure:3579: gcc -qversion >&5
gcc: error: unrecognized command line option '-qversion'
gcc: fatal error: no input files
compilation terminated.
configure:3590: $? = 4
configure:3610: checking whether the C compiler works
configure:3632: gcc    conftest.c  >&5
configure:3636: $? = 0
configure:3684: result: yes
configure:3687: checking for C compiler default output file name
configure:3689: result: a.out
configure:3695: checking for suffix of executables
configure:3702: gcc -o conftest    conftest.c  >&5
configure:3706: $? = 0
configure:3728: result: 
configure:3750: checking whether we are cross compiling
configure:3758: gcc -o conftest    conftest.c  >&5
configure:3762: $? = 0
configure:3769: ./conftest
configure:3773: $? = 0
configure:3788: result: no
configure:3793: checking for suffix of object files
configure:3815: gcc -c   conftest.c >&5
configure:3819: $? = 0
configure:3840: result: o
configure:3844: checking whether we are using the GNU C compiler
configure:3863: gcc -c   conftest.c >&5
configure:3863: $? = 0
configure:3872: result: yes
configure:3881: checking whether gcc accepts -g
configure:3901: gcc -c -g  conftest.c >&5
configure:3901: $? = 0
configure:3942: result: yes
configure:3959: checking for gcc option to accept ISO C89
configure:4022: gcc  -c -g -O2  conftest.c >&5
configure:4022: $? = 0
configure:4035: result: none needed
configure:4063: checking how to run the C preprocessor
configure:4094: gcc -E  conftest.c
configure:4094: $? = 0
configure:4108: gcc -E  conftest.c
conftest.c:9:28: fatal error: ac_nonexistent.h: No such file or directory
 #include <ac_nonexistent.h>
                            ^
compilation terminated.
configure:4108: $? = 1
configure: failed program was:
| /* confdefs.h */
| #define PACKAGE_NAME "PyJuggler"
| #define PACKAGE_TARNAME "pyjuggler"
| #define PACKAGE_VERSION "2.1"
| #define PACKAGE_STRING "PyJuggler 2.1"
| #define PACKAGE_BUGREPORT "vrjuggler-devel@googlegroups.com"
| #define PACKAGE_URL ""
| /* end confdefs.h.  */
| #include <ac_nonexistent.h>
configure:4133: result: gcc -E
configure:4153: gcc -E  conftest.c
configure:4153: $? = 0
configure:4167: gcc -E  conftest.c
conftest.c:9:28: fatal error: ac_nonexistent.h: No such file or directory
 #include <ac_nonexistent.h>
                            ^
compilation terminated.
configure:4167: $? = 1
configure: failed program was:
| /* confdefs.h */
| #define PACKAGE_NAME "PyJuggler"
| #define PACKAGE_TARNAME "pyjuggler"
| #define PACKAGE_VERSION "2.1"
| #define PACKAGE_STRING "PyJuggler 2.1"
| #define PACKAGE_BUGREPORT "vrjuggler-devel@googlegroups.com"
| #define PACKAGE_URL ""
| /* end confdefs.h.  */
| #include <ac_nonexistent.h>
configure:4196: checking whether we are using the Intel C compiler
configure:4216: gcc -c -g -O2  conftest.c >&5
conftest.c: In function 'main':
conftest.c:15:4: error: unknown type name 'choke'
    choke me
    ^
configure:4216: $? = 1
configure: failed program was:
| /* confdefs.h */
| #define PACKAGE_NAME "PyJuggler"
| #define PACKAGE_TARNAME "pyjuggler"
| #define PACKAGE_VERSION "2.1"
| #define PACKAGE_STRING "PyJuggler 2.1"
| #define PACKAGE_BUGREPORT "vrjuggler-devel@googlegroups.com"
| #define PACKAGE_URL ""
| /* end confdefs.h.  */
| 
| int
| main ()
| {
| 
| #ifndef __INTEL_COMPILER
|    choke me
| #endif
| 
|   ;
|   return 0;
| }
configure:4224: result: no
configure:4257: checking whether gcc accepts -pthread
configure:4271: result: yes
configure:4367: checking for Perl 5
configure:4381: result: /usr/bin/perl
configure:4401: checking for make
configure:4417: found /usr/bin/make
configure:4429: result: make
configure:4440: checking whether make is GNU make
GNU Make 4.0
License GPLv3+: GNU GPL version 3 or later <http://gnu.org/licenses/gpl.html>
configure:4445: result: yes
configure:4576: checking whether GNU make version is >= 3.78
configure:4601: result: yes (version 4.0)
configure:4620: checking whether make sets $(MAKE)
configure:4642: result: yes
configure:4700: checking for ranlib
configure:4716: found /usr/bin/ranlib
configure:4727: result: ranlib
configure:4751: checking whether ln -s works
configure:4755: result: yes
configure:4817: checking for a BSD-compatible install
configure:4885: result: /usr/bin/install -c
configure:4978: checking for python
configure:4996: found /usr/bin/python
configure:5009: result: /usr/bin/python
configure:5031: checking for pyste.py
configure:5045: result: no
configure:5050: WARNING: *** pyste.py does not exist ***
configure:5055: checking for Python version
configure:5060: result: 2.7
configure:5063: checking for suffix of Python extension modules
configure:5076: result: .so
configure:5084: checking for grep that handles long lines and -e
configure:5142: result: /usr/bin/grep
configure:5147: checking for egrep
configure:5209: result: /usr/bin/grep -E
configure:5214: checking for ANSI C header files
configure:5234: gcc -c   conftest.c >&5
configure:5234: $? = 0
configure:5307: gcc -o conftest    conftest.c  >&5
configure:5307: $? = 0
configure:5307: ./conftest
configure:5307: $? = 0
configure:5318: result: yes
configure:5331: checking for sys/types.h
configure:5331: gcc -c   conftest.c >&5
configure:5331: $? = 0
configure:5331: result: yes
configure:5331: checking for sys/stat.h
configure:5331: gcc -c   conftest.c >&5
configure:5331: $? = 0
configure:5331: result: yes
configure:5331: checking for stdlib.h
configure:5331: gcc -c   conftest.c >&5
configure:5331: $? = 0
configure:5331: result: yes
configure:5331: checking for string.h
configure:5331: gcc -c   conftest.c >&5
configure:5331: $? = 0
configure:5331: result: yes
configure:5331: checking for memory.h
configure:5331: gcc -c   conftest.c >&5
configure:5331: $? = 0
configure:5331: result: yes
configure:5331: checking for strings.h
configure:5331: gcc -c   conftest.c >&5
configure:5331: $? = 0
configure:5331: result: yes
configure:5331: checking for inttypes.h
configure:5331: gcc -c   conftest.c >&5
configure:5331: $? = 0
configure:5331: result: yes
configure:5331: checking for stdint.h
configure:5331: gcc -c   conftest.c >&5
configure:5331: $? = 0
configure:5331: result: yes
configure:5331: checking for unistd.h
configure:5331: gcc -c   conftest.c >&5
configure:5331: $? = 0
configure:5331: result: yes
configure:5434: checking for dlopen
configure:5434: gcc -o conftest    conftest.c  >&5
/tmp/ccokcF8H.o: In function `main':
conftest.c:(.text+0xa): undefined reference to `dlopen'
collect2: error: ld returned 1 exit status
configure:5434: $? = 1
configure: failed program was:
| /* confdefs.h */
| #define PACKAGE_NAME "PyJuggler"
| #define PACKAGE_TARNAME "pyjuggler"
| #define PACKAGE_VERSION "2.1"
| #define PACKAGE_STRING "PyJuggler 2.1"
| #define PACKAGE_BUGREPORT "vrjuggler-devel@googlegroups.com"
| #define PACKAGE_URL ""
| #define STDC_HEADERS 1
| #define HAVE_SYS_TYPES_H 1
| #define HAVE_SYS_STAT_H 1
| #define HAVE_STDLIB_H 1
| #define HAVE_STRING_H 1
| #define HAVE_MEMORY_H 1
| #define HAVE_STRINGS_H 1
| #define HAVE_INTTYPES_H 1
| #define HAVE_STDINT_H 1
| #define HAVE_UNISTD_H 1
| /* end confdefs.h.  */
| /* Define dlopen to an innocuous variant, in case <limits.h> declares dlopen.
|    For example, HP-UX 11i <limits.h> declares gettimeofday.  */
| #define dlopen innocuous_dlopen
| 
| /* System header to define __stub macros and hopefully few prototypes,
|     which can conflict with char dlopen (); below.
|     Prefer <limits.h> to <assert.h> if __STDC__ is defined, since
|     <limits.h> exists even on freestanding compilers.  */
| 
| #ifdef __STDC__
| # include <limits.h>
| #else
| # include <assert.h>
| #endif
| 
| #undef dlopen
| 
| /* Override any GCC internal prototype to avoid an error.
|    Use char because int might match the return type of a GCC
|    builtin and then its argument prototype would still apply.  */
| #ifdef __cplusplus
| extern "C"
| #endif
| char dlopen ();
| /* The GNU C library defines this for functions which it implements
|     to always fail with ENOSYS.  Some functions are actually named
|     something starting with __ and the normal name is an alias.  */
| #if defined __stub_dlopen || defined __stub___dlopen
| choke me
| #endif
| 
| int
| main ()
| {
| return dlopen ();
|   ;
|   return 0;
| }
configure:5434: result: no
configure:5438: checking for dlopen in -ldl
configure:5463: gcc -o conftest    conftest.c -ldl   >&5
configure:5463: $? = 0
configure:5472: result: yes
configure:5483: checking for openpty
configure:5483: gcc -o conftest    conftest.c  >&5
/tmp/ccz0MAOP.o: In function `main':
conftest.c:(.text+0xa): undefined reference to `openpty'
collect2: error: ld returned 1 exit status
configure:5483: $? = 1
configure: failed program was:
| /* confdefs.h */
| #define PACKAGE_NAME "PyJuggler"
| #define PACKAGE_TARNAME "pyjuggler"
| #define PACKAGE_VERSION "2.1"
| #define PACKAGE_STRING "PyJuggler 2.1"
| #define PACKAGE_BUGREPORT "vrjuggler-devel@googlegroups.com"
| #define PACKAGE_URL ""
| #define STDC_HEADERS 1
| #define HAVE_SYS_TYPES_H 1
| #define HAVE_SYS_STAT_H 1
| #define HAVE_STDLIB_H 1
| #define HAVE_STRING_H 1
| #define HAVE_MEMORY_H 1
| #define HAVE_STRINGS_H 1
| #define HAVE_INTTYPES_H 1
| #define HAVE_STDINT_H 1
| #define HAVE_UNISTD_H 1
| /* end confdefs.h.  */
| /* Define openpty to an innocuous variant, in case <limits.h> declares openpty.
|    For example, HP-UX 11i <limits.h> declares gettimeofday.  */
| #define openpty innocuous_openpty
| 
| /* System header to define __stub macros and hopefully few prototypes,
|     which can conflict with char openpty (); below.
|     Prefer <limits.h> to <assert.h> if __STDC__ is defined, since
|     <limits.h> exists even on freestanding compilers.  */
| 
| #ifdef __STDC__
| # include <limits.h>
| #else
| # include <assert.h>
| #endif
| 
| #undef openpty
| 
| /* Override any GCC internal prototype to avoid an error.
|    Use char because int might match the return type of a GCC
|    builtin and then its argument prototype would still apply.  */
| #ifdef __cplusplus
| extern "C"
| #endif
| char openpty ();
| /* The GNU C library defines this for functions which it implements
|     to always fail with ENOSYS.  Some functions are actually named
|     something starting with __ and the normal name is an alias.  */
| #if defined __stub_openpty || defined __stub___openpty
| choke me
| #endif
| 
| int
| main ()
| {
| return openpty ();
|   ;
|   return 0;
| }
configure:5483: result: no
configure:5487: checking for openpty in -lutil
configure:5512: gcc -o conftest    conftest.c -lutil   >&5
configure:5512: $? = 0
configure:5521: result: yes
configure:5598: checking for Py_Initialize in -lpython2.7
configure:5623: gcc -o conftest   -I/usr/include/python2.7  -L/usr/lib/python2.7/config conftest.c -lpython2.7 -lutil -pthread -ldl  -lm  >&5
configure:5623: $? = 0
configure:5633: result: yes
configure:5636: checking Python.h usability
configure:5636: gcc -c   -I/usr/include/python2.7 conftest.c >&5
In file included from /usr/include/python2.7/pyconfig.h:6:0,
                 from /usr/include/python2.7/Python.h:8,
                 from conftest.c:52:
/usr/include/python2.7/pyconfig-64.h:1191:0: warning: "_POSIX_C_SOURCE" redefined
 #define _POSIX_C_SOURCE 200112L
 ^
In file included from /usr/include/stdio.h:27:0,
                 from conftest.c:19:
/usr/include/features.h:225:0: note: this is the location of the previous definition
 # define _POSIX_C_SOURCE 200809L
 ^
configure:5636: $? = 0
configure:5636: result: yes
configure:5636: checking Python.h presence
configure:5636: gcc -E  -I/usr/include/python2.7 conftest.c
configure:5636: $? = 0
configure:5636: result: yes
configure:5636: checking for Python.h
configure:5636: result: yes
configure:5757: checking for g++
configure:5773: found /usr/bin/g++
configure:5784: result: g++
configure:5811: checking for C++ compiler version
configure:5820: g++ --version >&5
g++ (GCC) 4.9.2 20150212 (Red Hat 4.9.2-6)
Copyright (C) 2014 Free Software Foundation, Inc.
This is free software; see the source for copying conditions.  There is NO
warranty; not even for MERCHANTABILITY or FITNESS FOR A PARTICULAR PURPOSE.

configure:5831: $? = 0
configure:5820: g++ -v >&5
Using built-in specs.
COLLECT_GCC=g++
COLLECT_LTO_WRAPPER=/usr/libexec/gcc/x86_64-redhat-linux/4.9.2/lto-wrapper
Target: x86_64-redhat-linux
Configured with: ../configure --prefix=/usr --mandir=/usr/share/man --infodir=/usr/share/info --with-bugurl=http://bugzilla.redhat.com/bugzilla --enable-bootstrap --enable-shared --enable-threads=posix --enable-checking=release --enable-multilib --with-system-zlib --enable-__cxa_atexit --disable-libunwind-exceptions --enable-gnu-unique-object --enable-linker-build-id --with-linker-hash-style=gnu --enable-languages=c,c++,objc,obj-c++,fortran,ada,go,lto --enable-plugin --enable-initfini-array --disable-libgcj --with-isl=/builddir/build/BUILD/gcc-4.9.2-20150212/obj-x86_64-redhat-linux/isl-install --with-cloog=/builddir/build/BUILD/gcc-4.9.2-20150212/obj-x86_64-redhat-linux/cloog-install --enable-gnu-indirect-function --with-tune=generic --with-arch_32=i686 --build=x86_64-redhat-linux
Thread model: posix
gcc version 4.9.2 20150212 (Red Hat 4.9.2-6) (GCC) 
configure:5831: $? = 0
configure:5820: g++ -V >&5
g++: error: unrecognized command line option '-V'
g++: fatal error: no input files
compilation terminated.
configure:5831: $? = 4
configure:5820: g++ -qversion >&5
g++: error: unrecognized command line option '-qversion'
g++: fatal error: no input files
compilation terminated.
configure:5831: $? = 4
configure:5835: checking whether we are using the GNU C++ compiler
configure:5854: g++ -c  -I/usr/include  -I/usr/include/python2.7 conftest.cpp >&5
configure:5854: $? = 0
configure:5863: result: yes
configure:5872: checking whether g++ accepts -g
configure:5892: g++ -c -g -I/usr/include  -I/usr/include/python2.7 conftest.cpp >&5
configure:5892: $? = 0
configure:5933: result: yes
configure:5962: checking how to run the C++ preprocessor
configure:5989: g++ -E -I/usr/include  -I/usr/include/python2.7 conftest.cpp
configure:5989: $? = 0
configure:6003: g++ -E -I/usr/include  -I/usr/include/python2.7 conftest.cpp
conftest.cpp:19:28: fatal error: ac_nonexistent.h: No such file or directory
 #include <ac_nonexistent.h>
                            ^
compilation terminated.
configure:6003: $? = 1
configure: failed program was:
| /* confdefs.h */
| #define PACKAGE_NAME "PyJuggler"
| #define PACKAGE_TARNAME "pyjuggler"
| #define PACKAGE_VERSION "2.1"
| #define PACKAGE_STRING "PyJuggler 2.1"
| #define PACKAGE_BUGREPORT "vrjuggler-devel@googlegroups.com"
| #define PACKAGE_URL ""
| #define STDC_HEADERS 1
| #define HAVE_SYS_TYPES_H 1
| #define HAVE_SYS_STAT_H 1
| #define HAVE_STDLIB_H 1
| #define HAVE_STRING_H 1
| #define HAVE_MEMORY_H 1
| #define HAVE_STRINGS_H 1
| #define HAVE_INTTYPES_H 1
| #define HAVE_STDINT_H 1
| #define HAVE_UNISTD_H 1
| /* end confdefs.h.  */
| #include <ac_nonexistent.h>
configure:6028: result: g++ -E
configure:6048: g++ -E -I/usr/include  -I/usr/include/python2.7 conftest.cpp
configure:6048: $? = 0
configure:6062: g++ -E -I/usr/include  -I/usr/include/python2.7 conftest.cpp
conftest.cpp:19:28: fatal error: ac_nonexistent.h: No such file or directory
 #include <ac_nonexistent.h>
                            ^
compilation terminated.
configure:6062: $? = 1
configure: failed program was:
| /* confdefs.h */
| #define PACKAGE_NAME "PyJuggler"
| #define PACKAGE_TARNAME "pyjuggler"
| #define PACKAGE_VERSION "2.1"
| #define PACKAGE_STRING "PyJuggler 2.1"
| #define PACKAGE_BUGREPORT "vrjuggler-devel@googlegroups.com"
| #define PACKAGE_URL ""
| #define STDC_HEADERS 1
| #define HAVE_SYS_TYPES_H 1
| #define HAVE_SYS_STAT_H 1
| #define HAVE_STDLIB_H 1
| #define HAVE_STRING_H 1
| #define HAVE_MEMORY_H 1
| #define HAVE_STRINGS_H 1
| #define HAVE_INTTYPES_H 1
| #define HAVE_STDINT_H 1
| #define HAVE_UNISTD_H 1
| /* end confdefs.h.  */
| #include <ac_nonexistent.h>
configure:6134: checking whether Boost version is >= 1.32.0
configure:6159: result: yes (version 1.55.0)
configure:6273: checking for boost::python::handle<> in -lboost_python-gcc-mt-1_32 in /usr/lib64
configure:6288: g++ -o conftest -g -O2  -I/usr/include/python2.7 -I/usr/include/python2.7 -I/usr/include -L/usr/lib64 -L/usr/lib/python2.7/config  conftest.cpp  -lboost_python-gcc-mt-1_32 -lpython2.7 -lutil -pthread -ldl  -lm >&5
/usr/bin/ld: cannot find -lboost_python-gcc-mt-1_32
collect2: error: ld returned 1 exit status
configure:6288: $? = 1
configure: failed program was:
| /* confdefs.h */
| #define PACKAGE_NAME "PyJuggler"
| #define PACKAGE_TARNAME "pyjuggler"
| #define PACKAGE_VERSION "2.1"
| #define PACKAGE_STRING "PyJuggler 2.1"
| #define PACKAGE_BUGREPORT "vrjuggler-devel@googlegroups.com"
| #define PACKAGE_URL ""
| #define STDC_HEADERS 1
| #define HAVE_SYS_TYPES_H 1
| #define HAVE_SYS_STAT_H 1
| #define HAVE_STDLIB_H 1
| #define HAVE_STRING_H 1
| #define HAVE_MEMORY_H 1
| #define HAVE_STRINGS_H 1
| #define HAVE_INTTYPES_H 1
| #define HAVE_STDINT_H 1
| #define HAVE_UNISTD_H 1
| /* end confdefs.h.  */
| 
| #include <boost/python.hpp>
| using namespace boost::python;
| int
| main ()
| {
| handle<> main_module(borrowed(PyImport_AddModule("__main__")));
|   ;
|   return 0;
| }
configure:6296: result: no
configure:6273: checking for boost::python::handle<> in -lboost_python-gcc-mt-1_32 in /usr/lib
configure:6288: g++ -o conftest -g -O2  -I/usr/include/python2.7 -I/usr/include/python2.7 -I/usr/include -L/usr/lib -L/usr/lib/python2.7/config  conftest.cpp  -lboost_python-gcc-mt-1_32 -lpython2.7 -lutil -pthread -ldl  -lm >&5
/usr/bin/ld: cannot find -lboost_python-gcc-mt-1_32
collect2: error: ld returned 1 exit status
configure:6288: $? = 1
configure: failed program was:
| /* confdefs.h */
| #define PACKAGE_NAME "PyJuggler"
| #define PACKAGE_TARNAME "pyjuggler"
| #define PACKAGE_VERSION "2.1"
| #define PACKAGE_STRING "PyJuggler 2.1"
| #define PACKAGE_BUGREPORT "vrjuggler-devel@googlegroups.com"
| #define PACKAGE_URL ""
| #define STDC_HEADERS 1
| #define HAVE_SYS_TYPES_H 1
| #define HAVE_SYS_STAT_H 1
| #define HAVE_STDLIB_H 1
| #define HAVE_STRING_H 1
| #define HAVE_MEMORY_H 1
| #define HAVE_STRINGS_H 1
| #define HAVE_INTTYPES_H 1
| #define HAVE_STDINT_H 1
| #define HAVE_UNISTD_H 1
| /* end confdefs.h.  */
| 
| #include <boost/python.hpp>
| using namespace boost::python;
| int
| main ()
| {
| handle<> main_module(borrowed(PyImport_AddModule("__main__")));
|   ;
|   return 0;
| }
configure:6296: result: no

## ---------------- ##
## Cache variables. ##
## ---------------- ##

ac_cv_build=x86_64-unknown-linux-gnu
ac_cv_c_compiler_gnu=yes
ac_cv_cxx_compiler_gnu=yes
ac_cv_env_CCC_set=
ac_cv_env_CCC_value=
ac_cv_env_CC_set=
ac_cv_env_CC_value=
ac_cv_env_CFLAGS_set=
ac_cv_env_CFLAGS_value=
ac_cv_env_CPPFLAGS_set=
ac_cv_env_CPPFLAGS_value=
ac_cv_env_CPP_set=
ac_cv_env_CPP_value=
ac_cv_env_CXXCPP_set=
ac_cv_env_CXXCPP_value=
ac_cv_env_CXXFLAGS_set=
ac_cv_env_CXXFLAGS_value=
ac_cv_env_CXX_set=
ac_cv_env_CXX_value=
ac_cv_env_LDFLAGS_set=
ac_cv_env_LDFLAGS_value=
ac_cv_env_LIBS_set=
ac_cv_env_LIBS_value=
ac_cv_env_XMKMF_set=
ac_cv_env_XMKMF_value=
ac_cv_env_build_alias_set=
ac_cv_env_build_alias_value=
ac_cv_env_host_alias_set=
ac_cv_env_host_alias_value=
ac_cv_env_target_alias_set=
ac_cv_env_target_alias_value=
ac_cv_file_pyste_py=no
ac_cv_func_dlopen=no
ac_cv_func_openpty=no
ac_cv_header_Python_h=yes
ac_cv_header_inttypes_h=yes
ac_cv_header_memory_h=yes
ac_cv_header_stdc=yes
ac_cv_header_stdint_h=yes
ac_cv_header_stdlib_h=yes
ac_cv_header_string_h=yes
ac_cv_header_strings_h=yes
ac_cv_header_sys_stat_h=yes
ac_cv_header_sys_types_h=yes
ac_cv_header_unistd_h=yes
ac_cv_host=x86_64-unknown-linux-gnu
ac_cv_lib_dl_dlopen=yes
ac_cv_lib_python2_7___Py_Initialize=yes
ac_cv_lib_util_openpty=yes
ac_cv_objext=o
ac_cv_path_EGREP='/usr/bin/grep -E'
ac_cv_path_GREP=/usr/bin/grep
ac_cv_path_PYTHON=/usr/bin/python
ac_cv_path_install='/usr/bin/install -c'
ac_cv_prog_CPP='gcc -E'
ac_cv_prog_CXXCPP='g++ -E'
ac_cv_prog_ac_ct_CC=gcc
ac_cv_prog_ac_ct_CXX=g++
ac_cv_prog_ac_ct_RANLIB=ranlib
ac_cv_prog_cc_c89=
ac_cv_prog_cc_g=yes
ac_cv_prog_cxx_g=yes
ac_cv_prog_dpp_make_is_gmake=make
ac_cv_prog_make_make_set=yes
ac_cv_target=x86_64-unknown-linux-gnu
dpp_cv_CC_accepts_pthread=yes
dpp_cv_C_compiler_intel=no
dpp_cv_usable_perl5=/usr/bin/perl

## ----------------- ##
## Output variables. ##
## ----------------- ##

ABI='ELF'
ABI_LIST='ELF_x86_64'
BOOST_PYTHON_CXXFLAGS='-ftemplate-depth-256'
BOOST_PYTHON_INCLUDES='-I/usr/include'
BOOST_PYTHON_LDFLAGS_DBG='-L -lboost_python-gcc-mt-d-1_32'
BOOST_PYTHON_LDFLAGS_OPT='-L -lboost_python-gcc-mt-1_32'
CC='gcc'
CFLAGS=''
CFLAGS_DYNLIB='-fPIC -DPIC'
CPP='gcc -E'
CPPFLAGS=' -I/usr/include/python2.7'
CXX='g++'
CXXCPP='g++ -E'
CXXFLAGS='-g -O2'
CYGPATH=''
DEFS=''
DIR_PERMS=''
ECHO_C=''
ECHO_N='-n'
ECHO_T=''
EGREP='/usr/bin/grep -E'
EXEC_PERMS=''
EXEEXT=''
EXTRA_LDFLAGS=''
EXTRA_LINK_FLAGS=''
FILE_PERMS=''
GMAKE='make'
GREP='/usr/bin/grep'
GROUP_NAME=''
HAVE_OPENSG=''
HAVE_OSG=''
INSTALL_DATA='${INSTALL} -m 644'
INSTALL_PROGRAM='${INSTALL}'
INSTALL_SCRIPT='${INSTALL}'
ISA='x86_64'
LDFLAGS=''
LIBBITSUF='64'
LIBOBJS=''
LIBS=''
LN_S='ln -s'
LTLIBOBJS=''
MAKEDEPEND=''
OBJCOPY=''
OBJEXT='o'
OPENSG_CONFIG=''
OPENSG_INCLUDES=''
OPENSG_LDFLAGS=''
OPENSG_LIBS=''
OSG_INCLUDES=''
OSG_LDFLAGS=''
OSG_LIBS=''
OS_TYPE='UNIX'
OT_LDFLAGS=''
OWNER_NAME=''
PACKAGE_BUGREPORT='vrjuggler-devel@googlegroups.com'
PACKAGE_NAME='PyJuggler'
PACKAGE_STRING='PyJuggler 2.1'
PACKAGE_TARNAME='pyjuggler'
PACKAGE_URL=''
PACKAGE_VERSION='2.1'
PATH_SEPARATOR=':'
PERL5='/usr/bin/perl'
PERL=''
PLATFORM='Linux'
PLATFORM_SDK=''
PRODUCER_LDFLAGS=''
PYJUTIL_LDFLAGS_DBG=''
PYJUTIL_LDFLAGS_OPT=''
PYMOD_EXT='.so'
PYSTE='pyste.py'
PYTHON='/usr/bin/python'
PYTHON_INCLUDES='-I/usr/include/python2.7'
PYTHON_LDFLAGS='-L/usr/lib/python2.7/config'
PYTHON_LIB_DBG='-lpython2.7'
PYTHON_LIB_DEPS='-pthread -ldl  -lm'
PYTHON_LIB_OPT='-lpython2.7'
PYTHON_ROOT='/usr'
PYTHON_VERSION='2.7'
RANLIB='ranlib'
SET_MAKE=''
SHELL='/bin/sh'
UNIVERSAL_ARCH_LIST=''
USE_DPP_BSD_INSTALL='yes'
USE_GCC='no'
USE_OBJCOPY='no'
UTIL_LIB='-lutil'
XMKMF=''
ac_ct_CC='gcc'
ac_ct_CXX='g++'
bindir='${exec_prefix}/bin'
build='x86_64-unknown-linux-gnu'
build_alias=''
build_cpu='x86_64'
build_os='linux-gnu'
build_vendor='unknown'
datadir='${datarootdir}'
datarootdir='${prefix}/share'
docdir='${datarootdir}/doc/${PACKAGE_TARNAME}'
dpp_gmake_is_gmake=''
dpp_make_is_gmake='make'
dvidir='${docdir}'
exec_prefix='NONE'
host='x86_64-unknown-linux-gnu'
host_alias=''
host_cpu='x86_64'
host_os='linux-gnu'
host_vendor='unknown'
htmldir='${docdir}'
includedir='${prefix}/include'
infodir='${datarootdir}/info'
libdir='${exec_prefix}/lib'
libexecdir='${exec_prefix}/libexec'
localedir='${datarootdir}/locale'
localstatedir='${prefix}/var'
mandir='${datarootdir}/man'
oldincludedir='/usr/include'
pdfdir='${docdir}'
prefix='NONE'
program_transform_name='s,x,x,'
psdir='${docdir}'
sbindir='${exec_prefix}/sbin'
sharedstatedir='${prefix}/com'
sysconfdir='${prefix}/etc'
target='x86_64-unknown-linux-gnu'
target_alias=''
target_cpu='x86_64'
target_os='linux-gnu'
target_vendor='unknown'
topdir='/home/STUDENTS/cemegginson/Projects/pyjuggler'

## ----------- ##
## confdefs.h. ##
## ----------- ##

/* confdefs.h */
#define PACKAGE_NAME "PyJuggler"
#define PACKAGE_TARNAME "pyjuggler"
#define PACKAGE_VERSION "2.1"
#define PACKAGE_STRING "PyJuggler 2.1"
#define PACKAGE_BUGREPORT "vrjuggler-devel@googlegroups.com"
#define PACKAGE_URL ""
#define STDC_HEADERS 1
#define HAVE_SYS_TYPES_H 1
#define HAVE_SYS_STAT_H 1
#define HAVE_STDLIB_H 1
#define HAVE_STRING_H 1
#define HAVE_MEMORY_H 1
#define HAVE_STRINGS_H 1
#define HAVE_INTTYPES_H 1
#define HAVE_STDINT_H 1
#define HAVE_UNISTD_H 1

configure: exit 2
